<?xml version="1.0" encoding="UTF-8"?>
<!-- Generated by org.testng.reporters.JUnitXMLReporter -->
<testsuite ignored="0" hostname="Vignesh" failures="0" tests="5" name="Default test" time="31.93" errors="0" timestamp="2025-07-15T00:35:04 IST">
  <testcase classname="org.samplePackage.SampleClass" name="testMethod3" time="31.868"/>
  <testcase classname="org.samplePackage.SampleClass" name="testMethod4" time="0.001"/>
  <testcase classname="org.samplePackage.SampleClass" name="testMethod5" time="0.001"/>
  <testcase classname="org.samplePackage.SampleClass" name="testMethod2" time="0.003"/>
  <testcase classname="org.samplePackage.SampleClass" name="testMethod1" time="0.003"/>
</testsuite> <!-- Default test -->
