<?xml version="1.0" encoding="UTF-8"?>
<!-- Generated by org.testng.reporters.JUnitXMLReporter -->
<testsuite ignored="1" hostname="Vignesh" failures="0" tests="4" name="Test" time="0.06" errors="0" timestamp="2025-07-05T22:47:00 IST">
  <testcase classname="org.samplePackage.SampleClass" name="testMethod3" time="0.006"/>
  <testcase classname="org.samplePackage.SampleClass" name="testMethod4" time="0.003"/>
  <testcase classname="org.samplePackage.SampleClass" name="testMethod2" time="0.001"/>
  <testcase classname="org.samplePackage.SampleClass" name="testMethod1" time="0.001"/>
  <testcase classname="org.samplePackage.SampleClass" name="testMethod5" time="0.0">
    <ignored/>
  </testcase> <!-- testMethod5 -->
</testsuite> <!-- Test -->
