<?xml version="1.0" encoding="UTF-8"?>
<!-- Generated by org.testng.reporters.JUnitXMLReporter -->
<testsuite ignored="0" hostname="Vignesh" failures="1" tests="5" name="RetryTests" time="0.06" errors="0" timestamp="2025-07-15T19:46:15 IST">
  <testcase classname="org.listeners.ListenerSampleTest" name="testMethod1" time="0.01">
    <skipped/>
  </testcase> <!-- testMethod1 -->
  <testcase classname="org.listeners.ListenerSampleTest" name="testMethod1" time="0.001">
    <skipped/>
  </testcase> <!-- testMethod1 -->
  <testcase classname="org.listeners.ListenerSampleTest" name="testMethod1" time="0.002">
    <skipped/>
  </testcase> <!-- testMethod1 -->
  <testcase classname="org.listeners.ListenerSampleTest" name="testMethod1" time="0.001">
    <failure type="java.lang.AssertionError" message="Failing intentionally to test retry.">
      <![CDATA[java.lang.AssertionError: Failing intentionally to test retry.
at org.listeners.ListenerSampleTest.testMethod1(ListenerSampleTest.java:11)
at java.base/java.util.ArrayList.forEach(ArrayList.java:1596)
... Removed 26 stack frames]]>
    </failure>
  </testcase> <!-- testMethod1 -->
  <testcase classname="org.listeners.ListenerSampleTest" name="testMethod2" time="0.001"/>
</testsuite> <!-- RetryTests -->
