<?xml version="1.0" encoding="UTF-8"?>
<testng-results ignored="0" total="3" passed="3" failed="0" skipped="0">
  <reporter-output>
  </reporter-output>
  <suite started-at="2025-07-15T01:34:45 IST" name="Default suite" finished-at="2025-07-15T01:34:56 IST" duration-ms="10950">
    <groups>
    </groups>
    <test started-at="2025-07-15T01:34:45 IST" name="Default test" finished-at="2025-07-15T01:34:56 IST" duration-ms="10950">
      <class name="org.page.practicetestautomation.practice_test_login.PracticeTestLoginPage_Validation">
        <test-method signature="Validate_PracticeTestLoginPage(java.lang.String,java.lang.String)[pri:0, instance:org.page.practicetestautomation.practice_test_login.PracticeTestLoginPage_Validation@38425407]" started-at="2025-07-15T01:34:45 IST" name="Validate_PracticeTestLoginPage" data-provider="credentials" finished-at="2025-07-15T01:34:49 IST" duration-ms="4577" status="PASS">
          <params>
            <param index="0">
              <value>
                <![CDATA[student]]>
              </value>
            </param>
            <param index="1">
              <value>
                <![CDATA[Password123]]>
              </value>
            </param>
          </params>
          <reporter-output>
          </reporter-output>
        </test-method> <!-- Validate_PracticeTestLoginPage -->
        <test-method signature="Validate_PracticeTestLoginPage(java.lang.String,java.lang.String)[pri:0, instance:org.page.practicetestautomation.practice_test_login.PracticeTestLoginPage_Validation@38425407]" started-at="2025-07-15T01:34:49 IST" name="Validate_PracticeTestLoginPage" data-provider="credentials" finished-at="2025-07-15T01:34:53 IST" duration-ms="3068" status="PASS">
          <params>
            <param index="0">
              <value>
                <![CDATA[incorrectUser]]>
              </value>
            </param>
            <param index="1">
              <value>
                <![CDATA[Password123]]>
              </value>
            </param>
          </params>
          <reporter-output>
          </reporter-output>
        </test-method> <!-- Validate_PracticeTestLoginPage -->
        <test-method signature="Validate_PracticeTestLoginPage(java.lang.String,java.lang.String)[pri:0, instance:org.page.practicetestautomation.practice_test_login.PracticeTestLoginPage_Validation@38425407]" started-at="2025-07-15T01:34:53 IST" name="Validate_PracticeTestLoginPage" data-provider="credentials" finished-at="2025-07-15T01:34:56 IST" duration-ms="3263" status="PASS">
          <params>
            <param index="0">
              <value>
                <![CDATA[student]]>
              </value>
            </param>
            <param index="1">
              <value>
                <![CDATA[incorrectPassword]]>
              </value>
            </param>
          </params>
          <reporter-output>
          </reporter-output>
        </test-method> <!-- Validate_PracticeTestLoginPage -->
      </class> <!-- org.page.practicetestautomation.practice_test_login.PracticeTestLoginPage_Validation -->
    </test> <!-- Default test -->
  </suite> <!-- Default suite -->
</testng-results>
