<?xml version="1.0" encoding="UTF-8"?>
<testng-results ignored="0" total="4" passed="4" failed="0" skipped="0">
  <reporter-output>
  </reporter-output>
  <suite started-at="2025-07-15T22:25:05 IST" name="Default suite" finished-at="2025-07-15T22:25:17 IST" duration-ms="11717">
    <groups>
    </groups>
    <test started-at="2025-07-15T22:25:05 IST" name="Default test" finished-at="2025-07-15T22:25:17 IST" duration-ms="11717">
      <class name="org.factory_annotation.SampleTestClass_For_FactoryAnnotation">
        <test-method signature="sauceDemoLoginPageValidation()[pri:0, instance:org.factory_annotation.SampleTestClass_For_FactoryAnnotation@34e9fd99, instance params:[]]" started-at="2025-07-15T22:25:05 IST" name="sauceDemoLoginPageValidation" finished-at="2025-07-15T22:25:07 IST" duration-ms="1943" status="PASS">
          <reporter-output>
          </reporter-output>
        </test-method> <!-- sauceDemoLoginPageValidation -->
        <test-method signature="sauceDemoLoginPageValidation()[pri:0, instance:org.factory_annotation.SampleTestClass_For_FactoryAnnotation@38425407, instance params:[]]" started-at="2025-07-15T22:25:07 IST" name="sauceDemoLoginPageValidation" finished-at="2025-07-15T22:25:14 IST" duration-ms="6605" status="PASS">
          <reporter-output>
          </reporter-output>
        </test-method> <!-- sauceDemoLoginPageValidation -->
        <test-method signature="sauceDemoLoginPageValidation()[pri:0, instance:org.factory_annotation.SampleTestClass_For_FactoryAnnotation@3c41ed1d, instance params:[]]" started-at="2025-07-15T22:25:14 IST" name="sauceDemoLoginPageValidation" finished-at="2025-07-15T22:25:15 IST" duration-ms="1392" status="PASS">
          <reporter-output>
          </reporter-output>
        </test-method> <!-- sauceDemoLoginPageValidation -->
        <test-method signature="sauceDemoLoginPageValidation()[pri:0, instance:org.factory_annotation.SampleTestClass_For_FactoryAnnotation@54d9d12d, instance params:[]]" started-at="2025-07-15T22:25:15 IST" name="sauceDemoLoginPageValidation" finished-at="2025-07-15T22:25:17 IST" duration-ms="1741" status="PASS">
          <reporter-output>
          </reporter-output>
        </test-method> <!-- sauceDemoLoginPageValidation -->
      </class> <!-- org.factory_annotation.SampleTestClass_For_FactoryAnnotation -->
    </test> <!-- Default test -->
  </suite> <!-- Default suite -->
</testng-results>
