<?xml version="1.0" encoding="UTF-8"?>
<testng-results ignored="1" total="4" passed="3" failed="0" skipped="0">
  <reporter-output>
  </reporter-output>
  <suite started-at="2025-07-14T00:06:44 IST" name="SauceDemo_LoginPage_Validation_Suite" finished-at="2025-07-14T00:06:48 IST" duration-ms="4088">
    <groups>
      <group name="HardAssert">
        <method signature="SauceDemo_LoginPage_Validation.testCase3(java.lang.String)[pri:-1, instance:org.page.saucedemo.SauceDemo_LoginPage_Validation@c730b35]" name="testCase3" class="org.page.saucedemo.SauceDemo_LoginPage_Validation"/>
        <method signature="SauceDemo_LoginPage_Validation.testCase2(java.lang.String,java.lang.String,java.lang.String)[pri:0, instance:org.page.saucedemo.SauceDemo_LoginPage_Validation@c730b35]" name="testCase2" class="org.page.saucedemo.SauceDemo_LoginPage_Validation"/>
        <method signature="SauceDemo_LoginPage_Validation.testCase1(java.lang.String,java.lang.String,java.lang.String)[pri:1, instance:org.page.saucedemo.SauceDemo_LoginPage_Validation@c730b35]" name="testCase1" class="org.page.saucedemo.SauceDemo_LoginPage_Validation"/>
      </group> <!-- HardAssert -->
    </groups>
    <test started-at="2025-07-14T00:06:44 IST" name="SauceDemo_LoginPage_Validation_Test" finished-at="2025-07-14T00:06:48 IST" duration-ms="4088">
      <class name="org.page.saucedemo.SauceDemo_LoginPage_Validation">
        <test-method signature="testCase2(java.lang.String,java.lang.String,java.lang.String)[pri:0, instance:org.page.saucedemo.SauceDemo_LoginPage_Validation@c730b35]" started-at="2025-07-14T00:06:44 IST" name="testCase2" finished-at="2025-07-14T00:06:48 IST" duration-ms="4047" status="PASS">
          <params>
            <param index="0">
              <value>
                <![CDATA[locked_out_user]]>
              </value>
            </param>
            <param index="1">
              <value>
                <![CDATA[secret_sauce]]>
              </value>
            </param>
            <param index="2">
              <value>
                <![CDATA[edge]]>
              </value>
            </param>
          </params>
          <reporter-output>
          </reporter-output>
        </test-method> <!-- testCase2 -->
        <test-method signature="testCase3(java.lang.String)[pri:-1, instance:org.page.saucedemo.SauceDemo_LoginPage_Validation@c730b35]" started-at="2025-07-14T00:06:44 IST" name="testCase3" finished-at="2025-07-14T00:06:47 IST" duration-ms="2815" status="PASS">
          <params>
            <param index="0">
              <value>
                <![CDATA[chrome]]>
              </value>
            </param>
          </params>
          <reporter-output>
          </reporter-output>
        </test-method> <!-- testCase3 -->
        <test-method signature="testCase1(java.lang.String,java.lang.String,java.lang.String)[pri:1, instance:org.page.saucedemo.SauceDemo_LoginPage_Validation@c730b35]" started-at="2025-07-14T00:06:44 IST" name="testCase1" finished-at="2025-07-14T00:06:48 IST" duration-ms="3578" status="PASS">
          <params>
            <param index="0">
              <value>
                <![CDATA[standard_user]]>
              </value>
            </param>
            <param index="1">
              <value>
                <![CDATA[secret_sauce]]>
              </value>
            </param>
            <param index="2">
              <value>
                <![CDATA[chrome]]>
              </value>
            </param>
          </params>
          <reporter-output>
          </reporter-output>
        </test-method> <!-- testCase1 -->
      </class> <!-- org.page.saucedemo.SauceDemo_LoginPage_Validation -->
    </test> <!-- SauceDemo_LoginPage_Validation_Test -->
  </suite> <!-- SauceDemo_LoginPage_Validation_Suite -->
</testng-results>
